2983000|INFO|BaseNode/A@84:doInvoke|Base Node: NBTx: 52, TDMATx: 52, NBRx: 125, TDMARx: 123, CSMARx: 80
2983000|INFO|BaseNode/A@84:call|Starting Neighbour Discovery...
2983982|INFO|DataNode/B@92:doInvoke|Data Node: NBRx: 52, TDMARx: 52, NBTx: 52, TDMATx: 45, CSMATx: 27
2983982|INFO|DataNode/B@92:doInvoke|Discovery request from 1, will respond after 27153 ms
2984131|INFO|DataNode/C@99:doInvoke|Data Node: NBRx: 52, TDMARx: 51, NBTx: 52, TDMATx: 37, CSMATx: 30
2984131|INFO|DataNode/C@99:doInvoke|Discovery request from 1, will respond after 21136 ms
2984131|INFO|DataNode/D@105:doInvoke|Data Node: NBRx: 52, TDMARx: 51, NBTx: 52, TDMATx: 43, CSMATx: 33
2984131|INFO|DataNode/D@105:doInvoke|Discovery request from 1, will respond after 14814 ms
2998945|INFO|DataNode/D@105:call|Responding...
3000076|INFO|BaseNode/A@84:call|Node acknowledged
3005267|INFO|DataNode/C@99:call|Responding...
3006398|INFO|BaseNode/A@84:call|Node acknowledged
3011135|INFO|DataNode/B@92:call|Responding...
3012117|INFO|BaseNode/A@84:call|Node acknowledged
3013000|INFO|BaseNode/A@84:call|Broadcasting TDMA time slots...
3013982|INFO|DataNode/B@92:call|TDMA Started with assigned slot 0
3013982|INFO|DataNode/B@92:call|Transmitting in TDMA...
3014131|INFO|DataNode/C@99:call|TDMA Started with assigned slot 1
3014131|INFO|DataNode/D@105:call|TDMA Started with assigned slot 2
3014964|INFO|BaseNode/A@84:call|TDMA Data received, Location: 0,433,-20
3019131|INFO|DataNode/C@99:call|Transmitting in TDMA...
3020262|INFO|BaseNode/A@84:call|TDMA Data received, Location: -500,-433,-20
3024131|INFO|DataNode/D@105:call|Transmitting in TDMA...
3025262|INFO|BaseNode/A@84:call|TDMA Data received, Location: 500,-433,-20
3028000|INFO|BaseNode/A@84:call|Starting CSMA...
3033593|INFO|DataNode/C@99:call|Transmitting in CSMA...
3034724|INFO|BaseNode/A@84:call|CSMA Data received, Data: [0]
3039149|INFO|DataNode/B@92:call|Transmitting in CSMA...
3040131|INFO|BaseNode/A@84:call|CSMA Data received, Data: [0]
